<?xml version="1.0" encoding="UTF-8"?>
<!-- Generated by org.testng.reporters.JUnitXMLReporter -->
<testsuite ignored="0" hostname="ACER-MUSTAFA" failures="0" tests="3" name="Default test" time="19.901" errors="0" timestamp="2020-05-06T17:26:41 EET">
  <testcase classname="com.cybertek.tests.day13.DataTablesFOReachIter" name="OpenNewTab_SwitchWindow_Keys_Chord" time="9.966"/>
  <testcase classname="com.cybertek.tests.day13.DataTablesFOReachIter" name="cellByCell" time="2.142"/>
  <testcase classname="com.cybertek.tests.day13.DataTablesFOReachIter" name="test" time="0.555"/>
</testsuite> <!-- Default test -->
