<?xml version="1.0" encoding="UTF-8"?>
<testng-results ignored="0" total="3" passed="3" failed="0" skipped="0">
  <reporter-output>
  </reporter-output>
  <suite started-at="2020-05-06T17:26:21 EET" name="Default suite" finished-at="2020-05-06T17:26:41 EET" duration-ms="19901">
    <groups>
    </groups>
    <test started-at="2020-05-06T17:26:21 EET" name="Default test" finished-at="2020-05-06T17:26:41 EET" duration-ms="19901">
      <class name="com.cybertek.tests.day13.DataTablesFOReachIter">
        <test-method is-config="true" signature="setUp()[pri:0, instance:com.cybertek.tests.day13.DataTablesFOReachIter@cd1d761]" started-at="2020-05-06T17:26:22 EET" name="setUp" finished-at="2020-05-06T17:26:26 EET" duration-ms="4186" status="PASS">
          <reporter-output>
          </reporter-output>
        </test-method> <!-- setUp -->
        <test-method signature="OpenNewTab_SwitchWindow_Keys_Chord()[pri:0, instance:com.cybertek.tests.day13.DataTablesFOReachIter@cd1d761]" started-at="2020-05-06T17:26:26 EET" name="OpenNewTab_SwitchWindow_Keys_Chord" finished-at="2020-05-06T17:26:36 EET" duration-ms="9966" status="PASS">
          <reporter-output>
          </reporter-output>
        </test-method> <!-- OpenNewTab_SwitchWindow_Keys_Chord -->
        <test-method is-config="true" signature="setUp()[pri:0, instance:com.cybertek.tests.day13.DataTablesFOReachIter@cd1d761]" started-at="2020-05-06T17:26:36 EET" name="setUp" finished-at="2020-05-06T17:26:36 EET" duration-ms="44" status="PASS">
          <reporter-output>
          </reporter-output>
        </test-method> <!-- setUp -->
        <test-method signature="cellByCell()[pri:0, instance:com.cybertek.tests.day13.DataTablesFOReachIter@cd1d761]" started-at="2020-05-06T17:26:36 EET" name="cellByCell" finished-at="2020-05-06T17:26:38 EET" duration-ms="2142" status="PASS">
          <reporter-output>
          </reporter-output>
        </test-method> <!-- cellByCell -->
        <test-method is-config="true" signature="setUp()[pri:0, instance:com.cybertek.tests.day13.DataTablesFOReachIter@cd1d761]" started-at="2020-05-06T17:26:38 EET" name="setUp" finished-at="2020-05-06T17:26:38 EET" duration-ms="24" status="PASS">
          <reporter-output>
          </reporter-output>
        </test-method> <!-- setUp -->
        <test-method signature="test()[pri:0, instance:com.cybertek.tests.day13.DataTablesFOReachIter@cd1d761]" started-at="2020-05-06T17:26:38 EET" name="test" finished-at="2020-05-06T17:26:38 EET" duration-ms="555" status="PASS">
          <reporter-output>
          </reporter-output>
        </test-method> <!-- test -->
        <test-method is-config="true" signature="afterMethod()[pri:0, instance:com.cybertek.tests.day13.DataTablesFOReachIter@cd1d761]" started-at="2020-05-06T17:26:38 EET" name="afterMethod" finished-at="2020-05-06T17:26:41 EET" duration-ms="2831" status="PASS">
          <reporter-output>
          </reporter-output>
        </test-method> <!-- afterMethod -->
      </class> <!-- com.cybertek.tests.day13.DataTablesFOReachIter -->
    </test> <!-- Default test -->
  </suite> <!-- Default suite -->
</testng-results>
